<?xml version="1.0" encoding="UTF-8"?>
<!-- Generated by org.testng.reporters.JUnitReportReporter -->
<testsuite skipped="0" hostname="lenovo-t450" name="com.project.tests.SearchTVTest" tests="1" failures="0" timestamp="04 Feb 2020 14:34:58 GMT" time="109.052" errors="0">
  <testcase name="validLoginTest" time="109.052" classname="com.project.tests.SearchTVTest"/>
</testsuite> <!-- com.project.tests.SearchTVTest -->
