<?xml version="1.0" encoding="UTF-8"?>
<!-- Generated by org.testng.reporters.JUnitReportReporter -->
<testsuite skipped="0" hostname="lenovo-t450" name="com.project.tests.LoginTest" tests="1" failures="0" timestamp="04 Feb 2020 09:34:39 GMT" time="19.260" errors="0">
  <testcase name="validLoginTest" time="19.260" classname="com.project.tests.LoginTest"/>
</testsuite> <!-- com.project.tests.LoginTest -->
